python setup.py build_ext --inplace
running build_ext
rm -rf build
conf: {
    model:                  densenet121_3d_dilate_depth_aware       
    solver_type:            sgd                                     
    lr:                     0.004                                   
    momentum:               0.9                                     
    weight_decay:           0.0005                                  
    max_iter:               50000                                   
    snapshot_iter:          10000                                   
    display:                250                                     
    do_test:                True                                    
    lr_policy:              poly                                    
    lr_steps:               None                                    
    lr_target:              4e-08                                   
    rng_seed:               5                                       
    cuda_seed:              5                                       
    image_means:            [0.485, 0.456, 0.406]                   
    image_stds:             [0.229, 0.224, 0.225]                   
    feat_stride:            16                                      
    has_3d:                 True                                    
    test_scale:             512                                     
    crop_size:              [512, 1760]                             
    mirror_prob:            0.5                                     
    distort_prob:           -1                                      
    dataset_test:           kitti_split1                            
    datasets_train:         [{'anno_fmt': 'kitti_det',
                             'im_ext': '.png',
                             'name': 'kitti',
                             'scale': 1}]
    use_3d_for_2d:          True                                    
    percent_anc_h:          [0.0625, 0.75]                          
    min_gt_h:               32.0                                    
    max_gt_h:               384.0                                   
    min_gt_vis:             0.65                                    
    ilbls:                  ['Van', 'ignore']                       
    lbls:                   ['Car', 'Pedestrian', 'Cyclist']        
    batch_size:             2                                       
    fg_image_ratio:         1.0                                     
    box_samples:            0.2                                     
    fg_fraction:            0.2                                     
    bg_thresh_lo:           0                                       
    bg_thresh_hi:           0.5                                     
    fg_thresh:              0.5                                     
    ign_thresh:             0.5                                     
    best_thresh:            0.35                                    
    nms_topN_pre:           3000                                    
    nms_topN_post:          40                                      
    nms_thres:              0.4                                     
    clip_boxes:             False                                   
    test_protocol:          kitti                                   
    test_db:                kitti                                   
    test_min_h:             0                                       
    min_det_scales:         [0, 0]                                  
    cluster_anchors:        0                                       
    even_anchors:           0                                       
    expand_anchors:         0                                       
    anchors:                [[-0.5, -8.5, 15.5, 23.5, 52.145, 0.582,
                             1.728, 1.297, 0.214],
                            [-8.5, -8.5, 23.5, 23.5, 51.891, 1.501,
                             1.616, 3.593, -0.505],
                            [-16.5, -8.5, 31.5, 23.5, 47.339, 1.65,
                             1.497, 3.929, 0.357],
                            [-2.528, -12.555, 17.528, 27.555,
                             44.096, 0.588, 1.755, 1.116, 0.648],
                            [-12.555, -12.555, 27.555, 27.555,
                             44.457, 1.583, 1.586, 3.653, -0.677],
                            [-22.583, -12.555, 37.583, 27.555,
                             42.211, 1.637, 1.518, 3.885, 0.546],
                            [-5.069, -17.638, 20.069, 32.638,
                             34.927, 0.582, 1.749, 1.067, 0.125],
                            [-17.638, -17.638, 32.638, 32.638,
                             35.52, 1.563, 1.593, 3.68, -0.599],
                            [-30.207, -17.638, 45.207, 32.638,
                             36.127, 1.627, 1.516, 3.939, 0.493],
                            [-8.255, -24.01, 23.255, 39.01, 28.415,
                             0.634, 1.752, 1.008, 0.137],
                            [-24.01, -24.01, 39.01, 39.01, 28.566,
                             1.542, 1.591, 3.603, -0.796],
                            [-39.764, -24.01, 54.764, 39.01,
                             29.702, 1.636, 1.513, 3.945, 0.27],
                            [-12.248, -31.996, 27.248, 46.996,
                             22.859, 0.647, 1.754, 1.0, 0.009],
                            [-31.996, -31.996, 46.996, 46.996,
                             23.237, 1.521, 1.605, 3.452, -0.921],
                            [-51.744, -31.996, 66.744, 46.996,
                             24.241, 1.634, 1.517, 3.934, 0.253],
                            [-17.253, -42.006, 32.253, 57.006,
                             18.449, 0.66, 1.745, 1.066, 0.062],
                            [-42.006, -42.006, 57.006, 57.006,
                             18.999, 1.496, 1.611, 3.34, -0.749],
                            [-66.759, -42.006, 81.759, 57.006,
                             19.865, 1.63, 1.523, 3.935, 0.168],
                            [-23.527, -54.553, 38.527, 69.553,
                             15.045, 0.659, 1.75, 0.961, 0.262],
                            [-54.553, -54.553, 69.553, 69.553,
                             14.987, 1.285, 1.645, 2.879, -0.526],
                            [-85.58, -54.553, 100.58, 69.553,
                             16.006, 1.619, 1.517, 3.929, 0.073],
                            [-31.39, -70.281, 46.39, 85.281,
                             12.117, 0.661, 1.758, 0.939, 0.15],
                            [-70.281, -70.281, 85.281, 85.281,
                             11.739, 1.076, 1.662, 2.35, -0.292],
                            [-109.171, -70.281, 124.171, 85.281,
                             13.273, 1.624, 1.527, 3.938, -0.016],
                            [-41.247, -89.994, 56.247, 104.994,
                             9.893, 0.655, 1.759, 0.953, 0.204],
                            [-89.994, -89.994, 104.994, 104.994,
                             8.777, 0.867, 1.738, 1.652, -0.232],
                            [-138.741, -89.994, 153.741, 104.994,
                             10.928, 1.619, 1.521, 3.911, -0.146],
                            [-53.602, -114.704, 68.602, 129.704,
                             8.293, 0.64, 1.774, 0.975, 0.283],
                            [-114.704, -114.704, 129.704, 129.704,
                             7.782, 1.043, 1.722, 2.011, -0.212],
                            [-175.806, -114.704, 190.806, 129.704,
                             9.141, 1.614, 1.52, 3.879, -0.154],
                            [-69.089, -145.677, 84.089, 160.677,
                             6.834, 0.665, 1.769, 0.96, 0.369],
                            [-145.677, -145.677, 160.677, 160.677,
                             6.591, 1.25, 1.643, 2.534, -0.726],
                            [-222.266, -145.677, 237.266, 160.677,
                             7.801, 1.618, 1.531, 3.908, -0.275],
                            [-88.5, -184.5, 103.5, 199.5, 5.281,
                             0.692, 1.77, 0.884, -0.041],
                            [-184.5, -184.5, 199.5, 199.5, 4.335,
                             0.739, 1.76, 1.209, 0.203],
                            [-280.5, -184.5, 295.5, 199.5, 5.608,
                             1.584, 1.535, 3.819, -0.211]]
    bbox_means:             [[-0.001, 0.002, 0.067, -0.091, 0.005,
                             -0.069, 0.308, 0.068, -0.024, 0.094,
                             0.006]]
    bbox_stds:              [[0.14, 0.125, 0.246, 0.236, 0.169,
                             0.132, 3.403, 0.365, 0.1, 0.519,
                             1.829]]
    anchor_scales:          [32.0, 40.11, 50.276, 63.019, 78.991,
                            99.012, 124.106, 155.561, 194.989,
                            244.409, 306.354, 384.0]
    anchor_ratios:          [0.5, 1.0, 1.5]                         
    hard_negatives:         True                                    
    focal_loss:             0                                       
    moving_target:          None                                    
    cls_2d_lambda:          1                                       
    iou_2d_lambda:          1                                       
    bbox_2d_lambda:         0                                       
    bbox_3d_lambda:         1                                       
    bbox_3d_proj_lambda:    0.0                                     
    weak_seg_lambda:        0.0                                     
    iou_3d_lambda:          0                                       
    hill_climbing:          True                                    
    pretrained:             None                                    
    bins:                   32                                      
    visdom_port:            8100                                    
}
testing 1000/3769, dt: 0.161, eta: 7.4m
testing 2000/3769, dt: 0.161, eta: 4.8m
testing 3000/3769, dt: 0.162, eta: 2.1m
